2025-03-28 17:13:29.699445 - Received CBT.V508.FILE041.PDS from FILE041.XMI 
2025-03-28 17:13:29.701989 - Found $$$#DATE.txt (text/plain) in CBT.V508.FILE041.PDS, moved to PDS/$$$#DATE
2025-03-28 17:13:29.702782 - Found $ABSTRAC.txt (text/plain) in CBT.V508.FILE041.PDS, moved to PDS/$ABSTRAC
2025-03-28 17:13:29.703811 - Found $ASM1.jcl (text/plain) in CBT.V508.FILE041.PDS, moved to PDS/$ASM1
2025-03-28 17:13:29.704300 - Found $ASM4.jcl (text/plain) in CBT.V508.FILE041.PDS, moved to PDS/$ASM4
2025-03-28 17:13:29.704753 - Found $BACK1.jcl (text/plain) in CBT.V508.FILE041.PDS, moved to PDS/$BACK1
2025-03-28 17:13:29.705745 - Found $BACK4.jcl (text/plain) in CBT.V508.FILE041.PDS, moved to PDS/$BACK4
2025-03-28 17:13:29.706300 - Found $COMP.jcl (text/plain) in CBT.V508.FILE041.PDS, moved to PDS/$COMP
2025-03-28 17:13:29.707082 - Found $COPY.jcl (text/plain) in CBT.V508.FILE041.PDS, moved to PDS/$COPY
2025-03-28 17:13:29.708774 - Found $DESC.txt (text/plain) in CBT.V508.FILE041.PDS, moved to PDS/$DESC
2025-03-28 17:13:29.709721 - Found $DISCLMR.txt (text/plain) in CBT.V508.FILE041.PDS, moved to PDS/$DISCLMR
2025-03-28 17:13:29.710584 - Found $PREP1.jcl (text/plain) in CBT.V508.FILE041.PDS, moved to PDS/$PREP1
2025-03-28 17:13:29.712153 - Found $PREP4.jcl (text/plain) in CBT.V508.FILE041.PDS, moved to PDS/$PREP4
2025-03-28 17:13:29.712624 - Found $PRINT.jcl (text/plain) in CBT.V508.FILE041.PDS, moved to PDS/$PRINT
2025-03-28 17:13:29.713327 - Found $TEST1.bin (application/octet-stream) in CBT.V508.FILE041.PDS, moved to PDS/$TEST1
2025-03-28 17:13:29.713773 - Found $TEST4.jcl (text/plain) in CBT.V508.FILE041.PDS, moved to PDS/$TEST4
2025-03-28 17:13:29.714223 - Found $TURN1.jcl (text/plain) in CBT.V508.FILE041.PDS, moved to PDS/$TURN1
2025-03-28 17:13:29.714737 - Found $TURN4.jcl (text/plain) in CBT.V508.FILE041.PDS, moved to PDS/$TURN4
2025-03-28 17:13:29.715116 - Found $XFER.jcl (text/plain) in CBT.V508.FILE041.PDS, moved to PDS/$XFER
2025-03-28 17:13:29.716009 - Found @FILE041.txt (text/plain) in CBT.V508.FILE041.PDS, moved to PDS/@FILE041
2025-03-28 17:13:29.716580 - Found DFAULT.txt (text/plain) in CBT.V508.FILE041.PDS, moved to PDS/DFAULT
2025-03-28 17:13:29.716958 - Found END.txt (text/plain) in CBT.V508.FILE041.PDS, moved to PDS/END
2025-03-28 17:13:29.718473 - Found EXIT1A.txt (text/plain) in CBT.V508.FILE041.PDS, moved to PDS/EXIT1A
2025-03-28 17:13:29.719114 - Found EXIT1B.txt (text/plain) in CBT.V508.FILE041.PDS, moved to PDS/EXIT1B
2025-03-28 17:13:29.719609 - Found EXIT1MIT.txt (text/plain) in CBT.V508.FILE041.PDS, moved to PDS/EXIT1MIT
2025-03-28 17:13:29.722174 - Found EXIT1REG.txt (text/plain) in CBT.V508.FILE041.PDS, moved to PDS/EXIT1REG
2025-03-28 17:13:29.723238 - Found EXIT1TAB.txt (text/plain) in CBT.V508.FILE041.PDS, moved to PDS/EXIT1TAB
2025-03-28 17:13:29.724117 - Found EXIT15.txt (text/plain) in CBT.V508.FILE041.PDS, moved to PDS/EXIT15
2025-03-28 17:13:29.725458 - Found EXIT250.txt (text/plain) in CBT.V508.FILE041.PDS, moved to PDS/EXIT250
2025-03-28 17:13:29.726643 - Found EXIT4MIT.txt (text/plain) in CBT.V508.FILE041.PDS, moved to PDS/EXIT4MIT
2025-03-28 17:13:29.727167 - Found EXIT5.txt (text/plain) in CBT.V508.FILE041.PDS, moved to PDS/EXIT5
2025-03-28 17:13:29.727610 - Found GLOBAL.txt (text/plain) in CBT.V508.FILE041.PDS, moved to PDS/GLOBAL
2025-03-28 17:13:29.728161 - Found SH88.txt (text/plain) in CBT.V508.FILE041.PDS, moved to PDS/SH88
2025-03-28 17:13:29.728615 - Found STD.txt (text/plain) in CBT.V508.FILE041.PDS, moved to PDS/STD
2025-03-28 17:13:29.729107 - Found TESTQ.jcl (text/plain) in CBT.V508.FILE041.PDS, moved to PDS/TESTQ
2025-03-28 17:13:29.729941 - Found ZZ03821.txt (text/plain) in CBT.V508.FILE041.PDS, moved to PDS/ZZ03821
